FrontEnd/ex1/app/build/intermediates/manifest_merge_blame_file/debug/manifest-merger-blame-debug-report.txt
1<?xml version="1.0" encoding="utf-8"?>
2<manifest xmlns:android="http://schemas.android.com/apk/res/android"
3    package="com.example.ex1"
4    android:versionCode="1"
5    android:versionName="1.0" >
6
7    <uses-sdk
8        android:minSdkVersion="21"
8-->src\main\AndroidManifest.xml
9        android:targetSdkVersion="33" />
9-->src\main\AndroidManifest.xml
10
11    <uses-permission android:name="android.permission.INTERNET" />
11-->src\main\AndroidManifest.xml:5:5-67
11-->src\main\AndroidManifest.xml:5:22-64
12    <uses-permission android:name="com.google.android.providers.gsf.permission.READ_GSERVICES" />
12-->src\main\AndroidManifest.xml:6:5-98
12-->src\main\AndroidManifest.xml:6:22-95
13    <uses-permission android:name="android.permission.ACCESS_COARSE_LOCATION" />
13-->src\main\AndroidManifest.xml:7:5-81
13-->src\main\AndroidManifest.xml:7:22-78
14    <uses-permission android:name="android.permission.ACCESS_FINE_LOCATION" />
14-->src\main\AndroidManifest.xml:8:5-79
14-->src\main\AndroidManifest.xml:8:22-76
15    <uses-permission android:name="android.permission.ACCESS_NETWORK_STATE" />
15-->src\main\AndroidManifest.xml:9:5-79
15-->src\main\AndroidManifest.xml:9:22-76
16    <uses-permission android:name="com.example.permission.MAPS_RECEIVE" />
16-->src\main\AndroidManifest.xml:10:5-75
16-->src\main\AndroidManifest.xml:10:22-72
17    <uses-permission android:name="android.permission.CALL_PHONE" />
17-->src\main\AndroidManifest.xml:11:5-68
17-->src\main\AndroidManifest.xml:11:22-66
18
19    <uses-feature
19-->src\main\AndroidManifest.xml:13:5-15:35
20        android:glEsVersion="0x00020000"
20-->src\main\AndroidManifest.xml:14:9-41
21        android:required="true" />
21-->src\main\AndroidManifest.xml:15:9-32
22
23    <permission
23-->src\main\AndroidManifest.xml:17:5-19:47
24        android:name="com.example.permission.MAPS_RECEIVE"
24-->src\main\AndroidManifest.xml:18:9-59
25        android:protectionLevel="signature" />
25-->src\main\AndroidManifest.xml:19:9-44
26
27    <uses-feature
27-->[com.naver.maps:map-sdk:3.16.2] AndroidManifest.xml:12:5-14:36
28        android:name="android.hardware.wifi"
28-->[com.naver.maps:map-sdk:3.16.2] AndroidManifest.xml:13:9-45
29        android:required="false" />
29-->[com.naver.maps:map-sdk:3.16.2] AndroidManifest.xml:14:9-33
30
31    <uses-permission android:name="android.permission.ACCESS_WIFI_STATE" />
31-->[com.naver.maps:map-sdk:3.16.2] AndroidManifest.xml:18:5-76
31-->[com.naver.maps:map-sdk:3.16.2] AndroidManifest.xml:18:22-73
32
33    <permission
33-->[androidx.core:core:1.9.0] AndroidManifest.xml:22:5-24:47
34        android:name="com.example.ex1.DYNAMIC_RECEIVER_NOT_EXPORTED_PERMISSION"
34-->[androidx.core:core:1.9.0] AndroidManifest.xml:23:9-81
35        android:protectionLevel="signature" />
35-->[androidx.core:core:1.9.0] AndroidManifest.xml:24:9-44
36
37    <uses-permission android:name="com.example.ex1.DYNAMIC_RECEIVER_NOT_EXPORTED_PERMISSION" />
37-->[androidx.core:core:1.9.0] AndroidManifest.xml:26:5-97
37-->[androidx.core:core:1.9.0] AndroidManifest.xml:26:22-94
38
39    <application
39-->src\main\AndroidManifest.xml:21:5-127:19
40        android:allowBackup="true"
40-->src\main\AndroidManifest.xml:22:9-35
41        android:appComponentFactory="androidx.core.app.CoreComponentFactory"
41-->[androidx.core:core:1.9.0] AndroidManifest.xml:28:18-86
42        android:dataExtractionRules="@xml/data_extraction_rules"
42-->src\main\AndroidManifest.xml:23:9-65
43        android:debuggable="true"
44        android:fullBackupContent="@xml/backup_rules"
44-->src\main\AndroidManifest.xml:24:9-54
45        android:icon="@mipmap/ic_launcher"
45-->src\main\AndroidManifest.xml:25:9-43
46        android:label="@string/app_name"
46-->src\main\AndroidManifest.xml:26:9-41
47        android:roundIcon="@mipmap/ic_launcher_round"
47-->src\main\AndroidManifest.xml:27:9-54
48        android:supportsRtl="true"
48-->src\main\AndroidManifest.xml:28:9-35
49        android:testOnly="true"
50        android:theme="@style/Theme.Ex1"
50-->src\main\AndroidManifest.xml:29:9-41
51        android:usesCleartextTraffic="true" >
51-->src\main\AndroidManifest.xml:31:9-44
52        <activity
52-->src\main\AndroidManifest.xml:32:9-38:20
53            android:name="com.example.ex1.Activities.ReceipRecognitionActivity"
53-->src\main\AndroidManifest.xml:33:13-65
54            android:exported="false" >
54-->src\main\AndroidManifest.xml:34:13-37
55            <meta-data
55-->src\main\AndroidManifest.xml:35:13-37:36
56                android:name="android.app.lib_name"
56-->src\main\AndroidManifest.xml:36:17-52
57                android:value="" />
57-->src\main\AndroidManifest.xml:37:17-33
58        </activity>
59        <activity
59-->src\main\AndroidManifest.xml:39:9-45:20
60            android:name="com.example.ex1.Activities.CafeHistoryActivity"
60-->src\main\AndroidManifest.xml:40:13-59
61            android:exported="false" >
61-->src\main\AndroidManifest.xml:41:13-37
62            <meta-data
62-->src\main\AndroidManifest.xml:35:13-37:36
63                android:name="android.app.lib_name"
63-->src\main\AndroidManifest.xml:36:17-52
64                android:value="" />
64-->src\main\AndroidManifest.xml:37:17-33
65        </activity>
66        <activity
66-->src\main\AndroidManifest.xml:46:9-52:20
67            android:name="com.example.ex1.Activities.Keyword_Modify"
67-->src\main\AndroidManifest.xml:47:13-54
68            android:exported="false" >
68-->src\main\AndroidManifest.xml:48:13-37
69            <meta-data
69-->src\main\AndroidManifest.xml:35:13-37:36
70                android:name="android.app.lib_name"
70-->src\main\AndroidManifest.xml:36:17-52
71                android:value="" />
71-->src\main\AndroidManifest.xml:37:17-33
72        </activity>
73        <activity
73-->src\main\AndroidManifest.xml:53:9-59:20
74            android:name="com.example.ex1.Activities.MyProfile_Modify"
74-->src\main\AndroidManifest.xml:54:13-56
75            android:exported="false" >
75-->src\main\AndroidManifest.xml:55:13-37
76            <meta-data
76-->src\main\AndroidManifest.xml:35:13-37:36
77                android:name="android.app.lib_name"
77-->src\main\AndroidManifest.xml:36:17-52
78                android:value="" />
78-->src\main\AndroidManifest.xml:37:17-33
79        </activity>
80        <activity
80-->src\main\AndroidManifest.xml:60:9-66:20
81            android:name="com.example.ex1.Main.MainActivity"
81-->src\main\AndroidManifest.xml:61:13-46
82            android:exported="false" >
82-->src\main\AndroidManifest.xml:62:13-37
83            <meta-data
83-->src\main\AndroidManifest.xml:35:13-37:36
84                android:name="android.app.lib_name"
84-->src\main\AndroidManifest.xml:36:17-52
85                android:value="" />
85-->src\main\AndroidManifest.xml:37:17-33
86        </activity>
87        <activity
87-->src\main\AndroidManifest.xml:67:9-73:20
88            android:name="com.example.ex1.Activities.SplashActivity"
88-->src\main\AndroidManifest.xml:68:13-54
89            android:exported="false" >
89-->src\main\AndroidManifest.xml:69:13-37
90            <meta-data
90-->src\main\AndroidManifest.xml:35:13-37:36
91                android:name="android.app.lib_name"
91-->src\main\AndroidManifest.xml:36:17-52
92                android:value="" />
92-->src\main\AndroidManifest.xml:37:17-33
93        </activity>
94        <activity
94-->src\main\AndroidManifest.xml:74:9-80:20
95            android:name="com.example.ex1.Activities.Keyword"
95-->src\main\AndroidManifest.xml:75:13-47
96            android:exported="false" >
96-->src\main\AndroidManifest.xml:76:13-37
97            <meta-data
97-->src\main\AndroidManifest.xml:35:13-37:36
98                android:name="android.app.lib_name"
98-->src\main\AndroidManifest.xml:36:17-52
99                android:value="" />
99-->src\main\AndroidManifest.xml:37:17-33
100        </activity>
101        <activity
101-->src\main\AndroidManifest.xml:81:9-87:20
102            android:name="com.example.ex1.Activities.Join3"
102-->src\main\AndroidManifest.xml:82:13-45
103            android:exported="false" >
103-->src\main\AndroidManifest.xml:83:13-37
104            <meta-data
104-->src\main\AndroidManifest.xml:35:13-37:36
105                android:name="android.app.lib_name"
105-->src\main\AndroidManifest.xml:36:17-52
106                android:value="" />
106-->src\main\AndroidManifest.xml:37:17-33
107        </activity>
108        <activity
108-->src\main\AndroidManifest.xml:88:9-94:20
109            android:name="com.example.ex1.Activities.Join2"
109-->src\main\AndroidManifest.xml:89:13-45
110            android:exported="false" >
110-->src\main\AndroidManifest.xml:90:13-37
111            <meta-data
111-->src\main\AndroidManifest.xml:35:13-37:36
112                android:name="android.app.lib_name"
112-->src\main\AndroidManifest.xml:36:17-52
113                android:value="" />
113-->src\main\AndroidManifest.xml:37:17-33
114        </activity>
115        <activity
115-->src\main\AndroidManifest.xml:95:9-101:20
116            android:name="com.example.ex1.Activities.Join1"
116-->src\main\AndroidManifest.xml:96:13-45
117            android:exported="false" >
117-->src\main\AndroidManifest.xml:97:13-37
118            <meta-data
118-->src\main\AndroidManifest.xml:35:13-37:36
119                android:name="android.app.lib_name"
119-->src\main\AndroidManifest.xml:36:17-52
120                android:value="" />
120-->src\main\AndroidManifest.xml:37:17-33
121        </activity>
122        <activity
122-->src\main\AndroidManifest.xml:102:9-113:20
123            android:name="com.example.ex1.Activities.NaviActivity"
123-->src\main\AndroidManifest.xml:103:13-52
124            android:exported="true" >
124-->src\main\AndroidManifest.xml:104:13-36
125            <intent-filter>
125-->src\main\AndroidManifest.xml:105:13-109:29
126                <action android:name="android.intent.action.MAIN" />
126-->src\main\AndroidManifest.xml:106:17-69
126-->src\main\AndroidManifest.xml:106:25-66
127
128                <category android:name="android.intent.category.LAUNCHER" />
128-->src\main\AndroidManifest.xml:108:17-77
128-->src\main\AndroidManifest.xml:108:27-74
129            </intent-filter>
130
131            <meta-data
131-->src\main\AndroidManifest.xml:35:13-37:36
132                android:name="android.app.lib_name"
132-->src\main\AndroidManifest.xml:36:17-52
133                android:value="" />
133-->src\main\AndroidManifest.xml:37:17-33
134        </activity>
135        <activity
135-->src\main\AndroidManifest.xml:114:9-120:20
136            android:name="com.example.ex1.Activities.LoginActivity"
136-->src\main\AndroidManifest.xml:115:13-53
137            android:exported="false" >
137-->src\main\AndroidManifest.xml:116:13-37
138            <meta-data
138-->src\main\AndroidManifest.xml:35:13-37:36
139                android:name="android.app.lib_name"
139-->src\main\AndroidManifest.xml:36:17-52
140                android:value="" />
140-->src\main\AndroidManifest.xml:37:17-33
141        </activity>
142        /* 여기 잘못 넣어서 안됐던 거..!! */
143        <meta-data
143-->src\main\AndroidManifest.xml:123:9-125:42
144            android:name="com.naver.maps.map.CLIENT_ID"
144-->src\main\AndroidManifest.xml:124:13-56
145            android:value="hu4kbw8ndf" />
145-->src\main\AndroidManifest.xml:125:13-39
146
147        <activity
147-->[com.naver.maps:map-sdk:3.16.2] AndroidManifest.xml:21:9-25:51
148            android:name="com.naver.maps.map.app.LegendActivity"
148-->[com.naver.maps:map-sdk:3.16.2] AndroidManifest.xml:22:13-65
149            android:configChanges="screenSize|smallestScreenSize|screenLayout|orientation"
149-->[com.naver.maps:map-sdk:3.16.2] AndroidManifest.xml:23:13-91
150            android:label="@string/navermap_legend"
150-->[com.naver.maps:map-sdk:3.16.2] AndroidManifest.xml:24:13-52
151            android:theme="@style/navermap_app" />
151-->[com.naver.maps:map-sdk:3.16.2] AndroidManifest.xml:25:13-48
152        <activity
152-->[com.naver.maps:map-sdk:3.16.2] AndroidManifest.xml:26:9-30:51
153            android:name="com.naver.maps.map.app.LegalNoticeActivity"
153-->[com.naver.maps:map-sdk:3.16.2] AndroidManifest.xml:27:13-70
154            android:configChanges="screenSize|smallestScreenSize|screenLayout|orientation"
154-->[com.naver.maps:map-sdk:3.16.2] AndroidManifest.xml:28:13-91
155            android:label="@string/navermap_legal_notice"
155-->[com.naver.maps:map-sdk:3.16.2] AndroidManifest.xml:29:13-58
156            android:theme="@style/navermap_app" />
156-->[com.naver.maps:map-sdk:3.16.2] AndroidManifest.xml:30:13-48
157        <activity
157-->[com.naver.maps:map-sdk:3.16.2] AndroidManifest.xml:31:9-35:51
158            android:name="com.naver.maps.map.app.OpenSourceLicenseActivity"
158-->[com.naver.maps:map-sdk:3.16.2] AndroidManifest.xml:32:13-76
159            android:configChanges="screenSize|smallestScreenSize|screenLayout|orientation"
159-->[com.naver.maps:map-sdk:3.16.2] AndroidManifest.xml:33:13-91
160            android:label="@string/navermap_open_source_license"
160-->[com.naver.maps:map-sdk:3.16.2] AndroidManifest.xml:34:13-65
161            android:theme="@style/navermap_app" />
161-->[com.naver.maps:map-sdk:3.16.2] AndroidManifest.xml:35:13-48
162        <activity
162-->[io.github.ParkSangGwon:tedpermission:3.3.0] AndroidManifest.xml:10:9-14:67
163            android:name="com.gun0912.tedpermission.TedPermissionActivity"
163-->[io.github.ParkSangGwon:tedpermission:3.3.0] AndroidManifest.xml:11:13-75
164            android:configChanges="mcc|mnc|locale|keyboard|keyboardHidden|screenLayout|fontScale|uiMode|orientation|screenSize|layoutDirection"
164-->[io.github.ParkSangGwon:tedpermission:3.3.0] AndroidManifest.xml:12:13-144
165            android:screenOrientation="unspecified"
165-->[io.github.ParkSangGwon:tedpermission:3.3.0] AndroidManifest.xml:13:13-52
166            android:theme="@style/Theme.Transparent.Permission" />
166-->[io.github.ParkSangGwon:tedpermission:3.3.0] AndroidManifest.xml:14:13-64
167
168        <provider
168-->[io.github.ParkSangGwon:tedpermission:3.3.0] AndroidManifest.xml:16:9-19:40
169            android:name="com.gun0912.tedpermission.provider.TedPermissionProvider"
169-->[io.github.ParkSangGwon:tedpermission:3.3.0] AndroidManifest.xml:17:13-84
170            android:authorities="com.example.ex1.tedpermissionprovider"
170-->[io.github.ParkSangGwon:tedpermission:3.3.0] AndroidManifest.xml:18:13-73
171            android:exported="false" />
171-->[io.github.ParkSangGwon:tedpermission:3.3.0] AndroidManifest.xml:19:13-37
172
173        <activity
173-->[com.google.android.gms:play-services-base:17.0.0] AndroidManifest.xml:23:9-26:75
174            android:name="com.google.android.gms.common.api.GoogleApiActivity"
174-->[com.google.android.gms:play-services-base:17.0.0] AndroidManifest.xml:24:13-79
175            android:exported="false"
175-->[com.google.android.gms:play-services-base:17.0.0] AndroidManifest.xml:25:13-37
176            android:theme="@android:style/Theme.Translucent.NoTitleBar" />
176-->[com.google.android.gms:play-services-base:17.0.0] AndroidManifest.xml:26:13-72
177
178        <meta-data
178-->[com.google.android.gms:play-services-basement:17.0.0] AndroidManifest.xml:23:9-25:69
179            android:name="com.google.android.gms.version"
179-->[com.google.android.gms:play-services-basement:17.0.0] AndroidManifest.xml:24:13-58
180            android:value="@integer/google_play_services_version" />
180-->[com.google.android.gms:play-services-basement:17.0.0] AndroidManifest.xml:25:13-66
181
182        <provider
182-->[androidx.emoji2:emoji2:1.2.0] AndroidManifest.xml:24:9-32:20
183            android:name="androidx.startup.InitializationProvider"
183-->[androidx.emoji2:emoji2:1.2.0] AndroidManifest.xml:25:13-67
184            android:authorities="com.example.ex1.androidx-startup"
184-->[androidx.emoji2:emoji2:1.2.0] AndroidManifest.xml:26:13-68
185            android:exported="false" >
185-->[androidx.emoji2:emoji2:1.2.0] AndroidManifest.xml:27:13-37
186            <meta-data
186-->[androidx.emoji2:emoji2:1.2.0] AndroidManifest.xml:29:13-31:52
187                android:name="androidx.emoji2.text.EmojiCompatInitializer"
187-->[androidx.emoji2:emoji2:1.2.0] AndroidManifest.xml:30:17-75
188                android:value="androidx.startup" />
188-->[androidx.emoji2:emoji2:1.2.0] AndroidManifest.xml:31:17-49
189            <meta-data
189-->[androidx.lifecycle:lifecycle-process:2.4.1] AndroidManifest.xml:31:13-33:52
190                android:name="androidx.lifecycle.ProcessLifecycleInitializer"
190-->[androidx.lifecycle:lifecycle-process:2.4.1] AndroidManifest.xml:32:17-78
191                android:value="androidx.startup" />
191-->[androidx.lifecycle:lifecycle-process:2.4.1] AndroidManifest.xml:33:17-49
192        </provider>
193
194        <uses-library
194-->[androidx.window:window:1.0.0] AndroidManifest.xml:25:9-27:40
195            android:name="androidx.window.extensions"
195-->[androidx.window:window:1.0.0] AndroidManifest.xml:26:13-54
196            android:required="false" />
196-->[androidx.window:window:1.0.0] AndroidManifest.xml:27:13-37
197        <uses-library
197-->[androidx.window:window:1.0.0] AndroidManifest.xml:28:9-30:40
198            android:name="androidx.window.sidecar"
198-->[androidx.window:window:1.0.0] AndroidManifest.xml:29:13-51
199            android:required="false" />
199-->[androidx.window:window:1.0.0] AndroidManifest.xml:30:13-37
200    </application>
201
202</manifest>